<?xml version="1.0" encoding="UTF-8"?>
<!-- Generated by org.testng.reporters.JUnitXMLReporter -->
<testsuite ignored="0" hostname="Stevens-Mac-mini.local" failures="0" tests="2" name="Test" time="0.011" errors="0" timestamp="2021-09-26T01:32:32 BST">
  <testcase classname="testBase.TestBase" name="@BeforeMethod LaunchChallenage" time="0.001">
    <failure type="java.io.FileNotFoundException" message="/Users/scbase/Documents/QATest/qa-tech-test-master/src/test/e2e/seleniumJavaFramework/target/src/main/resources/config.properties (No such file or directory)">
      <![CDATA[java.io.FileNotFoundException: /Users/scbase/Documents/QATest/qa-tech-test-master/src/test/e2e/seleniumJavaFramework/target/src/main/resources/config.properties (No such file or directory)
at java.base/java.io.FileInputStream.open0(Native Method)
at java.base/java.io.FileInputStream.open(FileInputStream.java:216)
at java.base/java.io.FileInputStream.<init>(FileInputStream.java:157)
at java.base/java.io.FileInputStream.<init>(FileInputStream.java:111)
at commonComponents.PropertiesOperations.getPropertyValueByKey(PropertiesOperations.java:16)
at testBase.TestBase.LaunchChallenage(TestBase.java:24)
at java.base/java.util.ArrayList.forEach(ArrayList.java:1511)
... Removed 30 stack frames]]>
    </failure>
  </testcase> <!-- @BeforeMethod LaunchChallenage -->
  <testcase classname="testBase.TestBase" name="@AfterMethod tearDown" time="-1.632616352542E9">
    <skipped/>
  </testcase> <!-- @AfterMethod tearDown -->
  <testcase classname="testBase.TestBase" name="@BeforeMethod LaunchChallenage" time="-1.632616352543E9">
    <skipped/>
  </testcase> <!-- @BeforeMethod LaunchChallenage -->
  <testcase classname="testBase.TestBase" name="@AfterMethod tearDown" time="-1.632616352543E9">
    <skipped/>
  </testcase> <!-- @AfterMethod tearDown -->
  <testcase classname="tests.TestChallenge" name="ArraysChallenge" time="0.0">
    <skipped/>
  </testcase> <!-- ArraysChallenge -->
  <testcase classname="tests.TestChallenge" name="DemoTest" time="0.0">
    <skipped/>
  </testcase> <!-- DemoTest -->
</testsuite> <!-- Test -->
